---------- Date: 2018-08-01 15:29:12 ~ IP : ::1 ----------
REQUEST URI : /rory/admin/index.php?route=user/user_permission&token=07a7445fcac780fc0fec1311c1d39101
MOD DETAILS:
   modFile   : C:\xampp\htdocs\rory\vqmod/xml/xpayment.xml
   id        : 
   version   : 2.0
   vqmver    : 
   author    : OpenCartMart
VQModObject::parseMods - Could not resolve path for [catalog/controller/journal2/checkout.php] (SKIPPED)
VQModObject::parseMods - Could not resolve path for [catalog/model/journal2/checkout.php] (SKIPPED)
VQModObject::parseMods - Could not resolve path for [catalog/controller/checkout/simplecheckout_payment.php] (SKIPPED)
VQModObject::parseMods - Could not resolve path for [catalog/controller/checkout/simplecheckout.php] (SKIPPED)
VQModObject::parseMods - Could not resolve path for [catalog/controller/module/quickcheckout.php] (SKIPPED)
VQModObject::parseMods - Could not resolve path for [catalog/model/d_quickcheckout/method.php] (SKIPPED)
VQModObject::parseMods - Could not resolve path for [catalog/controller/d_quickcheckout/payment.php] (SKIPPED)
MOD DETAILS:
   modFile   : C:\xampp\htdocs\rory\vqmod/xml/cc_and_bcc_emails.xml
   id        : CC and BCC Emails
   version   : 2.0.0.1
   vqmver    : 2.1.5
   author    : Soteri Panagou (panagos@gmail.com)

File Name    : admin/model/sale/order.php(0)
VQModObject::applyMod - SEARCH NOT FOUND (SKIPPED): $mail->send();

----------------------------------------------------------------------


---------- Date: 2018-08-01 15:37:03 ~ IP : ::1 ----------
REQUEST URI : /rory/
MOD DETAILS:
   modFile   : C:\xampp\htdocs\rory\vqmod/xml/shopencart-news-blog.xml
   id        : 
   version   : 1.1
   vqmver    : 
   author    : Flo from shopencart.com

File Name    : catalog/view/theme/*/template/common/footer.tpl(0)
VQModObject::applyMod - SEARCH NOT FOUND (ABORTING MOD): <li><a href="<?php echo $special; ?>"><?php echo $text_special; ?></a></li>
----------------------------------------------------------------------


---------- Date: 2018-08-01 15:52:14 ~ IP : ::1 ----------
REQUEST URI : /rory/index.php?route=checkout/cart
MOD DETAILS:
   modFile   : C:\xampp\htdocs\rory\vqmod/xml/shopencart-news-blog.xml
   id        : 
   version   : 1.1
   vqmver    : 
   author    : Flo from shopencart.com

File Name    : catalog/view/theme/*/template/common/header.tpl(0)
VQModObject::applyMod - SEARCH NOT FOUND (ABORTING MOD): <?php if ($description) { ?>
----------------------------------------------------------------------


---------- Date: 2018-08-01 15:53:07 ~ IP : ::1 ----------
REQUEST URI : /rory/index.php?route=checkout/cart
MOD DETAILS:
   modFile   : C:\xampp\htdocs\rory\vqmod/xml/shopencart-news-blog.xml
   id        : 
   version   : 1.1
   vqmver    : 
   author    : Flo from shopencart.com

File Name    : catalog/view/theme/*/template/common/header.tpl(0)
VQModObject::applyMod - SEARCH NOT FOUND (ABORTING MOD): <?php if ($description) { ?>
----------------------------------------------------------------------


---------- Date: 2018-08-01 15:57:45 ~ IP : ::1 ----------
REQUEST URI : /rory/index.php?route=checkout/cart
MOD DETAILS:
   modFile   : C:\xampp\htdocs\rory\vqmod/xml/shopencart-news-blog.xml
   id        : 
   version   : 1.1
   vqmver    : 
   author    : Flo from shopencart.com

File Name    : catalog/view/theme/*/template/common/header.tpl(0)
VQModObject::applyMod - SEARCH NOT FOUND (ABORTING MOD): <?php if ($description) { ?>
----------------------------------------------------------------------


---------- Date: 2018-08-01 15:58:00 ~ IP : ::1 ----------
REQUEST URI : /rory/index.php?route=checkout/cart
MOD DETAILS:
   modFile   : C:\xampp\htdocs\rory\vqmod/xml/shopencart-news-blog.xml
   id        : 
   version   : 1.1
   vqmver    : 
   author    : Flo from shopencart.com

File Name    : catalog/view/theme/*/template/common/header.tpl(0)
VQModObject::applyMod - SEARCH NOT FOUND (ABORTING MOD): <?php if ($description) { ?>
----------------------------------------------------------------------


---------- Date: 2018-08-01 15:58:27 ~ IP : ::1 ----------
REQUEST URI : /rory/index.php?route=checkout/cart
MOD DETAILS:
   modFile   : C:\xampp\htdocs\rory\vqmod/xml/shopencart-news-blog.xml
   id        : 
   version   : 1.1
   vqmver    : 
   author    : Flo from shopencart.com

File Name    : catalog/view/theme/*/template/common/header.tpl(0)
VQModObject::applyMod - SEARCH NOT FOUND (ABORTING MOD): <?php if ($description) { ?>
----------------------------------------------------------------------


---------- Date: 2018-08-01 16:56:49 ~ IP : ::1 ----------
REQUEST URI : /rory/index.php?route=product/product&path=63&product_id=59
MOD DETAILS:
   modFile   : C:\xampp\htdocs\rory\vqmod/xml/shopencart-news-blog.xml
   id        : 
   version   : 1.1
   vqmver    : 
   author    : Flo from shopencart.com

File Name    : catalog/view/theme/*/template/common/header.tpl(0)
VQModObject::applyMod - SEARCH NOT FOUND (ABORTING MOD): <?php if ($description) { ?>
----------------------------------------------------------------------


---------- Date: 2018-08-01 17:01:45 ~ IP : ::1 ----------
REQUEST URI : /rory/index.php?route=product/product&path=63&product_id=59
MOD DETAILS:
   modFile   : C:\xampp\htdocs\rory\vqmod/xml/shopencart-news-blog.xml
   id        : 
   version   : 1.1
   vqmver    : 
   author    : Flo from shopencart.com

File Name    : catalog/view/theme/*/template/common/header.tpl(0)
VQModObject::applyMod - SEARCH NOT FOUND (ABORTING MOD): <?php if ($description) { ?>
----------------------------------------------------------------------


---------- Date: 2018-08-01 18:54:21 ~ IP : ::1 ----------
REQUEST URI : /rory/index.php?route=product/product&path=63&product_id=59
MOD DETAILS:
   modFile   : C:\xampp\htdocs\rory\vqmod/xml/shopencart-news-blog.xml
   id        : 
   version   : 1.1
   vqmver    : 
   author    : Flo from shopencart.com

File Name    : catalog/view/theme/*/template/common/header.tpl(0)
VQModObject::applyMod - SEARCH NOT FOUND (ABORTING MOD): <?php if ($description) { ?>
----------------------------------------------------------------------


---------- Date: 2018-08-01 18:54:50 ~ IP : ::1 ----------
REQUEST URI : /rory/index.php?route=product/product&path=63&product_id=59
MOD DETAILS:
   modFile   : C:\xampp\htdocs\rory\vqmod/xml/shopencart-news-blog.xml
   id        : 
   version   : 1.1
   vqmver    : 
   author    : Flo from shopencart.com

File Name    : catalog/view/theme/*/template/common/header.tpl(0)
VQModObject::applyMod - SEARCH NOT FOUND (ABORTING MOD): <?php if ($description) { ?>
----------------------------------------------------------------------


