2018-07-19 16:32:52 - PHP Notice:  Error: Could not load template C:\xampp\htdocs\rory/catalog/view/theme/default/template/common/header.tpl! in C:\xampp\htdocs\rory\vqmod\vqcache\vq2-system_engine_loader.php on line 45
2018-07-19 16:33:08 - PHP Notice:  Error: Could not load template C:\xampp\htdocs\rory/catalog/view/theme/default/template/common/header.tpl! in C:\xampp\htdocs\rory\vqmod\vqcache\vq2-system_engine_loader.php on line 45
2018-07-19 16:33:13 - PHP Notice:  Error: Could not load template C:\xampp\htdocs\rory/catalog/view/theme/default/template/common/header.tpl! in C:\xampp\htdocs\rory\vqmod\vqcache\vq2-system_engine_loader.php on line 45
2018-07-19 16:42:58 - PHP Notice:  Error: Could not load template C:\xampp\htdocs\rory/catalog/view/theme/default/template/common/header.tpl! in C:\xampp\htdocs\rory\vqmod\vqcache\vq2-system_engine_loader.php on line 45
2018-07-19 16:59:57 - PHP Notice:  Error: Could not load template C:\xampp\htdocs\rory/catalog/view/theme/default/template/common/header.tpl! in C:\xampp\htdocs\rory\vqmod\vqcache\vq2-system_engine_loader.php on line 46
2018-07-19 17:40:55 - PHP Notice:  Array to string conversion in C:\xampp\htdocs\rory\vqmod\vqcache\vq2-catalog_view_theme_default_template_common_header.tpl on line 55
2018-07-23 15:06:13 - PHP Notice:  Undefined index: infor in C:\xampp\htdocs\rory\vqmod\vqcache\vq2-catalog_controller_common_header.php on line 101
2018-07-24 13:38:15 - PHP Notice:  Undefined index: name in C:\xampp\htdocs\rory\catalog\controller\module\featured.php on line 6
2018-07-24 13:38:16 - PHP Notice:  Undefined index: limit in C:\xampp\htdocs\rory\catalog\controller\module\featured.php on line 24
2018-07-24 13:41:42 - PHP Notice:  Undefined index: name in C:\xampp\htdocs\rory\catalog\controller\module\featured.php on line 6
2018-07-24 13:41:42 - PHP Notice:  Undefined index: limit in C:\xampp\htdocs\rory\catalog\controller\module\featured.php on line 24
2018-07-24 14:40:16 - PHP Notice:  Error: Could not load template C:\xampp\htdocs\rory/catalog/view/theme/default/template/information/contact.tpl! in C:\xampp\htdocs\rory\vqmod\vqcache\vq2-system_engine_loader.php on line 47
2018-07-24 17:54:52 - PHP Notice:  Undefined variable: sections in C:\xampp\htdocs\rory\vqmod\vqcache\vq2-admin_controller_module_faqmanager.php on line 135
2018-07-24 17:54:52 - PHP Warning:  Invalid argument supplied for foreach() in C:\xampp\htdocs\rory\vqmod\vqcache\vq2-admin_controller_module_faqmanager.php on line 135
2018-07-25 10:25:26 - PHP Notice:  Undefined index: g-recaptcha-response in C:\xampp\htdocs\rory\vqmod\vqcache\vq2-catalog_controller_information_contact.php on line 284
2018-07-25 10:45:14 - PHP Warning:  mail(): Failed to connect to mailserver at &quot;localhost&quot; port 25, verify your &quot;SMTP&quot; and &quot;smtp_port&quot; setting in php.ini or use ini_set() in C:\xampp\htdocs\rory\vqmod\vqcache\vq2-system_library_mail.php on line 224
2018-07-25 16:34:47 - PHP Notice:  Error: Could not load template C:\xampp\htdocs\rory/catalog/view/theme/default/template/information/contact.tpl! in C:\xampp\htdocs\rory\vqmod\vqcache\vq2-system_engine_loader.php on line 47
2018-07-25 16:36:52 - PHP Notice:  Error: Could not load template C:\xampp\htdocs\rory/catalog/view/theme/default/template/common/footer.tpl! in C:\xampp\htdocs\rory\vqmod\vqcache\vq2-system_engine_loader.php on line 47
2018-07-25 17:09:30 - PHP Notice:  Undefined property: Loader::$url in C:\xampp\htdocs\rory\catalog\view\theme\default\template\common\footer.php on line 26
2018-07-25 17:09:35 - PHP Notice:  Undefined property: Loader::$url in C:\xampp\htdocs\rory\catalog\view\theme\default\template\common\footer.php on line 26
2018-07-25 17:11:00 - PHP Notice:  Undefined property: Loader::$url in C:\xampp\htdocs\rory\catalog\view\theme\default\template\common\footer.php on line 13
2018-07-26 9:53:23 - PHP Notice:  Undefined variable: description in C:\xampp\htdocs\rory\catalog\view\theme\default\template\information\faq.tpl on line 19
2018-07-26 9:55:09 - PHP Notice:  Undefined variable: description in C:\xampp\htdocs\rory\catalog\view\theme\default\template\information\faq.php on line 19
2018-07-26 10:01:03 - PHP Notice:  Undefined variable: description in C:\xampp\htdocs\rory\catalog\view\theme\default\template\information\faq.php on line 21
2018-07-26 10:02:17 - PHP Notice:  Undefined variable: description in C:\xampp\htdocs\rory\catalog\view\theme\default\template\information\faq.php on line 21
2018-07-26 10:02:42 - PHP Notice:  Undefined variable: description in C:\xampp\htdocs\rory\catalog\view\theme\default\template\information\faq.php on line 21
2018-07-26 10:03:03 - PHP Notice:  Undefined variable: description in C:\xampp\htdocs\rory\catalog\view\theme\default\template\information\faq.php on line 21
2018-07-26 13:39:00 - PHP Notice:  Undefined variable: text_follow in C:\xampp\htdocs\rory\catalog\view\theme\default\template\common\footer.php on line 69
2018-07-26 13:45:01 - PHP Notice:  Undefined variable: https://www.facebook.com/ in C:\xampp\htdocs\rory\catalog\view\theme\default\template\common\footer.php on line 72
2018-07-26 14:01:24 - PHP Notice:  Undefined variable: entry_address in C:\xampp\htdocs\rory\catalog\view\theme\default\template\module\mailchimp_integration.tpl on line 148
2018-07-26 14:01:46 - PHP Notice:  Undefined variable: entry_address in C:\xampp\htdocs\rory\catalog\view\theme\default\template\module\mailchimp_integration.tpl on line 148
2018-07-26 14:02:35 - PHP Notice:  Undefined variable: entry_address in C:\xampp\htdocs\rory\catalog\view\theme\default\template\module\mailchimp_integration.tpl on line 148
2018-07-26 16:18:58 - PHP Notice:  Undefined variable: class in C:\xampp\htdocs\rory\catalog\view\theme\default\template\information\information.php on line 6
2018-07-26 16:21:17 - PHP Notice:  Undefined variable: class in C:\xampp\htdocs\rory\catalog\view\theme\default\template\information\information.php on line 7
2018-07-26 16:21:26 - PHP Notice:  Undefined variable: class in C:\xampp\htdocs\rory\catalog\view\theme\default\template\information\information.php on line 7
2018-07-26 16:30:01 - PHP Notice:  Undefined variable: class in C:\xampp\htdocs\rory\catalog\view\theme\default\template\information\information.php on line 11
2018-07-26 17:16:56 - PHP Notice:  Error: Could not load template C:\xampp\htdocs\rory/catalog/view/theme/default/template/news/layout.php! in C:\xampp\htdocs\rory\vqmod\vqcache\vq2-system_engine_loader.php on line 47
2018-07-26 17:25:47 - PHP Notice:  Error: Could not load template C:\xampp\htdocs\rory/catalog/view/theme/default/template/news/layout.tpl! in C:\xampp\htdocs\rory\vqmod\vqcache\vq2-system_engine_loader.php on line 47
2018-07-26 17:26:00 - PHP Notice:  Error: Could not load template C:\xampp\htdocs\rory/catalog/view/theme/default/template/news/layout.tpl! in C:\xampp\htdocs\rory\vqmod\vqcache\vq2-system_engine_loader.php on line 47
2018-07-26 17:26:47 - PHP Notice:  Error: Could not load template C:\xampp\htdocs\rory/catalog/view/theme/default/template/news/layout.tpl! in C:\xampp\htdocs\rory\vqmod\vqcache\vq2-system_engine_loader.php on line 47
2018-07-27 14:33:14 - PHP Notice:  Use of undefined constant condition - assumed 'condition' in C:\xampp\htdocs\rory\catalog\view\theme\default\template\account\register.php on line 497
2018-07-27 14:33:40 - PHP Notice:  Use of undefined constant condition - assumed 'condition' in C:\xampp\htdocs\rory\catalog\view\theme\default\template\account\register.php on line 497
2018-07-27 16:04:26 - PHP Notice:  Undefined variable: thumb in C:\xampp\htdocs\rory\catalog\view\theme\default\template\news\ncategory.php on line 20
2018-07-30 13:54:50 - PHP Notice:  Undefined index: thumb in C:\xampp\htdocs\rory\catalog\controller\news\ncategory.php on line 486
2018-07-30 13:59:09 - PHP Notice:  Undefined variable: ncategory_info in C:\xampp\htdocs\rory\catalog\controller\news\article.php on line 555
2018-07-30 14:02:57 - PHP Notice:  Undefined variable: image in C:\xampp\htdocs\rory\catalog\controller\news\article.php on line 561
2018-07-30 15:07:15 - PHP Notice:  Error: Could not load template C:\xampp\htdocs\rory/catalog/view/theme/default/template/news/article.tpl! in C:\xampp\htdocs\rory\vqmod\vqcache\vq2-system_engine_loader.php on line 47
2018-07-30 15:27:16 - PHP Notice:  Undefined variable: articles in C:\xampp\htdocs\rory\catalog\view\theme\default\template\news\article.php on line 19
2018-07-30 15:28:18 - PHP Notice:  Undefined variable: articles in C:\xampp\htdocs\rory\catalog\view\theme\default\template\news\article.php on line 19
2018-07-30 15:28:18 - PHP Notice:  Undefined variable: articles in C:\xampp\htdocs\rory\catalog\view\theme\default\template\news\article.php on line 28
2018-07-30 15:29:04 - PHP Notice:  Undefined variable: articles in C:\xampp\htdocs\rory\catalog\view\theme\default\template\news\article.php on line 19
2018-07-30 15:29:04 - PHP Notice:  Undefined variable: articles in C:\xampp\htdocs\rory\catalog\view\theme\default\template\news\article.php on line 28
2018-07-31 9:39:39 - PHP Warning:  mail(): Failed to connect to mailserver at &quot;localhost&quot; port 25, verify your &quot;SMTP&quot; and &quot;smtp_port&quot; setting in php.ini or use ini_set() in C:\xampp\htdocs\rory\vqmod\vqcache\vq2-system_library_mail.php on line 224
2018-07-31 9:39:40 - PHP Warning:  mail(): Failed to connect to mailserver at &quot;localhost&quot; port 25, verify your &quot;SMTP&quot; and &quot;smtp_port&quot; setting in php.ini or use ini_set() in C:\xampp\htdocs\rory\vqmod\vqcache\vq2-system_library_mail.php on line 224
2018-07-31 9:48:19 - PHP Warning:  mail(): Failed to connect to mailserver at &quot;localhost&quot; port 25, verify your &quot;SMTP&quot; and &quot;smtp_port&quot; setting in php.ini or use ini_set() in C:\xampp\htdocs\rory\vqmod\vqcache\vq2-system_library_mail.php on line 224
2018-07-31 9:48:20 - PHP Warning:  mail(): Failed to connect to mailserver at &quot;localhost&quot; port 25, verify your &quot;SMTP&quot; and &quot;smtp_port&quot; setting in php.ini or use ini_set() in C:\xampp\htdocs\rory\vqmod\vqcache\vq2-system_library_mail.php on line 224
2018-07-31 10:57:15 - PHP Warning:  mail(): Failed to connect to mailserver at &quot;localhost&quot; port 25, verify your &quot;SMTP&quot; and &quot;smtp_port&quot; setting in php.ini or use ini_set() in C:\xampp\htdocs\rory\vqmod\vqcache\vq2-system_library_mail.php on line 224
2018-07-31 10:57:16 - PHP Warning:  mail(): Failed to connect to mailserver at &quot;localhost&quot; port 25, verify your &quot;SMTP&quot; and &quot;smtp_port&quot; setting in php.ini or use ini_set() in C:\xampp\htdocs\rory\vqmod\vqcache\vq2-system_library_mail.php on line 224
2018-08-01 15:50:39 - PHP Notice:  Undefined variable: extra_tags in C:\xampp\htdocs\rory\vqmod\vqcache\vq2-catalog_view_theme_default_template_common_header.tpl on line 13
2018-08-01 15:50:39 - PHP Warning:  Invalid argument supplied for foreach() in C:\xampp\htdocs\rory\vqmod\vqcache\vq2-catalog_view_theme_default_template_common_header.tpl on line 13
2018-08-01 15:51:07 - PHP Notice:  Undefined variable: extra_tags in C:\xampp\htdocs\rory\vqmod\vqcache\vq2-catalog_view_theme_default_template_common_header.tpl on line 13
2018-08-01 15:51:07 - PHP Warning:  Invalid argument supplied for foreach() in C:\xampp\htdocs\rory\vqmod\vqcache\vq2-catalog_view_theme_default_template_common_header.tpl on line 13
2018-08-01 15:51:13 - PHP Notice:  Undefined variable: extra_tags in C:\xampp\htdocs\rory\vqmod\vqcache\vq2-catalog_view_theme_default_template_common_header.tpl on line 13
2018-08-01 15:51:13 - PHP Warning:  Invalid argument supplied for foreach() in C:\xampp\htdocs\rory\vqmod\vqcache\vq2-catalog_view_theme_default_template_common_header.tpl on line 13
2018-08-01 15:52:17 - PHP Notice:  Undefined variable: extra_tags in C:\xampp\htdocs\rory\vqmod\vqcache\vq2-catalog_view_theme_default_template_common_header.tpl on line 13
2018-08-01 15:52:17 - PHP Warning:  Invalid argument supplied for foreach() in C:\xampp\htdocs\rory\vqmod\vqcache\vq2-catalog_view_theme_default_template_common_header.tpl on line 13
2018-08-01 15:52:58 - PHP Notice:  Undefined variable: extra_tags in C:\xampp\htdocs\rory\vqmod\vqcache\vq2-catalog_view_theme_default_template_common_header.tpl on line 13
2018-08-01 15:52:58 - PHP Warning:  Invalid argument supplied for foreach() in C:\xampp\htdocs\rory\vqmod\vqcache\vq2-catalog_view_theme_default_template_common_header.tpl on line 13
2018-08-01 15:53:22 - PHP Notice:  Undefined variable: extra_tags in C:\xampp\htdocs\rory\vqmod\vqcache\vq2-catalog_view_theme_default_template_common_header.tpl on line 14
2018-08-01 15:53:22 - PHP Warning:  Invalid argument supplied for foreach() in C:\xampp\htdocs\rory\vqmod\vqcache\vq2-catalog_view_theme_default_template_common_header.tpl on line 14
2018-08-01 15:54:06 - PHP Notice:  Undefined variable: extra_tags in C:\xampp\htdocs\rory\vqmod\vqcache\vq2-catalog_view_theme_default_template_common_header.tpl on line 14
2018-08-01 15:54:06 - PHP Warning:  Invalid argument supplied for foreach() in C:\xampp\htdocs\rory\vqmod\vqcache\vq2-catalog_view_theme_default_template_common_header.tpl on line 14
2018-08-01 15:54:30 - PHP Notice:  Undefined variable: extra_tags in C:\xampp\htdocs\rory\vqmod\vqcache\vq2-catalog_view_theme_default_template_common_header.tpl on line 14
2018-08-01 15:54:30 - PHP Warning:  Invalid argument supplied for foreach() in C:\xampp\htdocs\rory\vqmod\vqcache\vq2-catalog_view_theme_default_template_common_header.tpl on line 14
2018-08-01 15:54:45 - PHP Notice:  Undefined variable: extra_tags in C:\xampp\htdocs\rory\vqmod\vqcache\vq2-catalog_view_theme_default_template_common_header.tpl on line 14
2018-08-01 15:54:45 - PHP Warning:  Invalid argument supplied for foreach() in C:\xampp\htdocs\rory\vqmod\vqcache\vq2-catalog_view_theme_default_template_common_header.tpl on line 14
2018-08-01 15:55:17 - PHP Notice:  Undefined variable: extra_tags in C:\xampp\htdocs\rory\vqmod\vqcache\vq2-catalog_view_theme_default_template_common_header.tpl on line 14
2018-08-01 15:55:17 - PHP Warning:  Invalid argument supplied for foreach() in C:\xampp\htdocs\rory\vqmod\vqcache\vq2-catalog_view_theme_default_template_common_header.tpl on line 14
2018-08-01 15:57:54 - PHP Notice:  Undefined variable: extra_tags in C:\xampp\htdocs\rory\vqmod\vqcache\vq2-catalog_view_theme_default_template_common_header.tpl on line 15
2018-08-01 15:57:54 - PHP Warning:  Invalid argument supplied for foreach() in C:\xampp\htdocs\rory\vqmod\vqcache\vq2-catalog_view_theme_default_template_common_header.tpl on line 15
2018-08-01 18:21:00 - PHP Notice:  Undefined index: nmage in C:\xampp\htdocs\rory\catalog\view\theme\default\template\product\product.php on line 396
2018-08-01 18:21:00 - PHP Notice:  Undefined index: nmage in C:\xampp\htdocs\rory\catalog\view\theme\default\template\product\product.php on line 396
2018-08-01 18:21:00 - PHP Notice:  Undefined index: nmage in C:\xampp\htdocs\rory\catalog\view\theme\default\template\product\product.php on line 396
2018-08-01 18:21:00 - PHP Notice:  Undefined index: nmage in C:\xampp\htdocs\rory\catalog\view\theme\default\template\product\product.php on line 396
2018-08-01 18:21:00 - PHP Notice:  Undefined index: nmage in C:\xampp\htdocs\rory\catalog\view\theme\default\template\product\product.php on line 396
2018-08-01 18:21:00 - PHP Notice:  Undefined index: nmage in C:\xampp\htdocs\rory\catalog\view\theme\default\template\product\product.php on line 396
2018-08-01 18:21:00 - PHP Notice:  Undefined index: nmage in C:\xampp\htdocs\rory\catalog\view\theme\default\template\product\product.php on line 396
2018-08-01 18:23:17 - PHP Notice:  Undefined index: nmage in C:\xampp\htdocs\rory\catalog\view\theme\default\template\product\product.php on line 396
2018-08-01 18:23:17 - PHP Notice:  Undefined index: nmage in C:\xampp\htdocs\rory\catalog\view\theme\default\template\product\product.php on line 396
2018-08-01 18:23:17 - PHP Notice:  Undefined index: nmage in C:\xampp\htdocs\rory\catalog\view\theme\default\template\product\product.php on line 396
2018-08-01 18:23:17 - PHP Notice:  Undefined index: nmage in C:\xampp\htdocs\rory\catalog\view\theme\default\template\product\product.php on line 396
2018-08-01 18:23:17 - PHP Notice:  Undefined index: nmage in C:\xampp\htdocs\rory\catalog\view\theme\default\template\product\product.php on line 396
2018-08-01 18:23:17 - PHP Notice:  Undefined index: nmage in C:\xampp\htdocs\rory\catalog\view\theme\default\template\product\product.php on line 396
2018-08-01 18:23:17 - PHP Notice:  Undefined index: nmage in C:\xampp\htdocs\rory\catalog\view\theme\default\template\product\product.php on line 396
2018-08-02 13:56:57 - PHP Notice:  Error: Could not load template C:\xampp\htdocs\rory/catalog/view/theme/default/template/quickcheckout/guest.tpl! in C:\xampp\htdocs\rory\vqmod\vqcache\vq2-system_engine_loader.php on line 45
2018-08-03 9:37:08 - PHP Warning:  mail(): Failed to connect to mailserver at &quot;localhost&quot; port 25, verify your &quot;SMTP&quot; and &quot;smtp_port&quot; setting in php.ini or use ini_set() in C:\xampp\htdocs\rory\vqmod\vqcache\vq2-system_library_mail.php on line 224
2018-08-03 9:37:09 - PHP Warning:  mail(): Failed to connect to mailserver at &quot;localhost&quot; port 25, verify your &quot;SMTP&quot; and &quot;smtp_port&quot; setting in php.ini or use ini_set() in C:\xampp\htdocs\rory\vqmod\vqcache\vq2-system_library_mail.php on line 224
2018-08-03 10:19:44 - PHP Notice:  Undefined variable: category in C:\xampp\htdocs\rory\vqmod\vqcache\vq2-catalog_controller_common_header.php on line 158
2018-08-03 13:35:35 - PHP Notice:  Undefined variable: category in C:\xampp\htdocs\rory\catalog\view\theme\default\template\common\header.php on line 112
2018-08-03 13:35:35 - PHP Notice:  Undefined variable: category in C:\xampp\htdocs\rory\catalog\view\theme\default\template\common\header.php on line 112
2018-08-03 13:35:35 - PHP Notice:  Undefined variable: category in C:\xampp\htdocs\rory\catalog\view\theme\default\template\common\header.php on line 112
2018-08-03 13:35:35 - PHP Notice:  Undefined variable: category in C:\xampp\htdocs\rory\catalog\view\theme\default\template\common\header.php on line 112
2018-08-03 13:35:35 - PHP Notice:  Undefined variable: category in C:\xampp\htdocs\rory\catalog\view\theme\default\template\common\header.php on line 112
2018-08-03 13:35:35 - PHP Notice:  Undefined variable: category in C:\xampp\htdocs\rory\catalog\view\theme\default\template\common\header.php on line 112
2018-08-03 13:35:35 - PHP Notice:  Undefined variable: category in C:\xampp\htdocs\rory\catalog\view\theme\default\template\common\header.php on line 112
2018-08-03 13:35:35 - PHP Notice:  Undefined variable: category in C:\xampp\htdocs\rory\catalog\view\theme\default\template\common\header.php on line 112
2018-08-03 13:35:35 - PHP Notice:  Undefined variable: category in C:\xampp\htdocs\rory\catalog\view\theme\default\template\common\header.php on line 112
2018-08-03 13:35:35 - PHP Notice:  Undefined variable: category in C:\xampp\htdocs\rory\catalog\view\theme\default\template\common\header.php on line 112
